2025-12-22 12:41:40,545 - INFO - Ingesting begin_inventory.csv into db
2025-12-22 12:41:45,474 - INFO - Ingesting end_inventory.csv into db
2025-12-22 12:41:58,984 - INFO - Ingesting purchases.csv into db
2025-12-22 12:43:19,245 - INFO - Ingesting purchase_prices.csv into db
2025-12-22 12:43:52,703 - INFO - Ingesting sales.csv into db
2025-12-22 13:55:04,153 - ERROR - No such comm target registered: jupyter.widget.control
2025-12-22 13:55:04,163 - WARNING - No such comm: a3d25ba9-94da-45a1-9ee1-a8c2f1cdafbe
2025-12-22 13:55:04,164 - DEBUG - Current comms: []
2025-12-22 14:01:11,051 - INFO - Ingesting begin_inventory.csv into db
2025-12-22 14:01:14,225 - INFO - Ingesting end_inventory.csv into db
2025-12-22 14:01:25,349 - INFO - Ingesting purchases.csv into db
2025-12-22 21:27:41,235 - INFO - Ingesting begin_inventory.csv into db
2025-12-22 21:27:45,745 - INFO - Ingesting end_inventory.csv into db
2025-12-22 21:27:58,176 - INFO - Ingesting purchases.csv into db
2025-12-22 21:29:14,568 - INFO - Ingesting purchase_prices.csv into db
2025-12-22 21:29:48,463 - INFO - Ingesting sales.csv into db
2025-12-22 21:37:05,552 - INFO - Ingesting vendor_invoice.csv into db
2025-12-22 21:37:05,767 - INFO - ---------------Ingestion Complete-------------
2025-12-22 21:37:05,768 - INFO - 
Total Time Taken: 9.42 minutes
2025-12-24 00:15:10,514 - INFO - Creating Vendor Summary Table.....
2025-12-24 00:16:02,968 - INFO -    VendorNumber                   VendorName  Brand              Description  \
0          1128  BROWN-FORMAN CORP             1233  Jack Daniels No 7 Black   
1          4425        MARTIGNETTI COMPANIES   3405    Tito's Handmade Vodka   
2         17035  PERNOD RICARD USA             8068         Absolut 80 Proof   
3          3960  DIAGEO NORTH AMERICA INC      4261   Capt Morgan Spiced Rum   
4          3960  DIAGEO NORTH AMERICA INC      3545          Ketel One Vodka   

   PurchasePrice  ActualPrice Volume  TotalPurchaseQuantity  \
0          26.27        36.99   1750                 145080   
1          23.19        28.99   1750                 164038   
2          18.24        24.99   1750                 187407   
3          16.17        22.99   1750                 201682   
4          21.89        29.99   1750                 138109   

   TotalPurchaseDollars  TotalSalesQuantity  TotalSalesDollars  \
0            3811251.60            142049.0         5101919.51   
1            3804041.22            160247.0         4819073.49   
2            3418303.68            187140.0         4538120.60   
3            3261197.94            200412.0         4475972.88   
4            3023206.01            135838.0         4223107.62   

   TotalSalesPrice  TotalExciseTax  FreightCost  
0        672819.31       260999.20     68601.68  
1        561512.37       294438.66    144929.24  
2        461140.15       343854.07    123780.22  
3        420050.01       368242.80    257032.07  
4        545778.28       249587.83    257032.07  
2025-12-24 00:16:02,979 - INFO - Cleaning Data.....
2025-12-24 00:16:02,994 - INFO -    VendorNumber                VendorName  Brand              Description  \
0          1128         BROWN-FORMAN CORP   1233  Jack Daniels No 7 Black   
1          4425     MARTIGNETTI COMPANIES   3405    Tito's Handmade Vodka   
2         17035         PERNOD RICARD USA   8068         Absolut 80 Proof   
3          3960  DIAGEO NORTH AMERICA INC   4261   Capt Morgan Spiced Rum   
4          3960  DIAGEO NORTH AMERICA INC   3545          Ketel One Vodka   

   PurchasePrice  ActualPrice  Volume  TotalPurchaseQuantity  \
0          26.27        36.99  1750.0                 145080   
1          23.19        28.99  1750.0                 164038   
2          18.24        24.99  1750.0                 187407   
3          16.17        22.99  1750.0                 201682   
4          21.89        29.99  1750.0                 138109   

   TotalPurchaseDollars  TotalSalesQuantity  TotalSalesDollars  \
0            3811251.60            142049.0         5101919.51   
1            3804041.22            160247.0         4819073.49   
2            3418303.68            187140.0         4538120.60   
3            3261197.94            200412.0         4475972.88   
4            3023206.01            135838.0         4223107.62   

   TotalSalesPrice  TotalExciseTax  FreightCost  
0        672819.31       260999.20     68601.68  
1        561512.37       294438.66    144929.24  
2        461140.15       343854.07    123780.22  
3        420050.01       368242.80    257032.07  
4        545778.28       249587.83    257032.07  
2025-12-24 00:16:03,003 - INFO - Ingesting data....
2025-12-24 00:16:03,211 - INFO - Completed
2025-12-24 00:20:14,614 - INFO - Pipeline started
2025-12-24 00:20:14,616 - INFO - Creating Vendor Summary Table.....
2025-12-24 00:20:14,616 - INFO - Starting vendor summary creation
2025-12-24 00:21:10,125 - INFO - Vendor summary creation completed in 0.93 minutes
2025-12-24 00:21:10,126 - INFO -    VendorNumber                   VendorName  Brand              Description  \
0          1128  BROWN-FORMAN CORP             1233  Jack Daniels No 7 Black   
1          4425        MARTIGNETTI COMPANIES   3405    Tito's Handmade Vodka   
2         17035  PERNOD RICARD USA             8068         Absolut 80 Proof   
3          3960  DIAGEO NORTH AMERICA INC      4261   Capt Morgan Spiced Rum   
4          3960  DIAGEO NORTH AMERICA INC      3545          Ketel One Vodka   

   PurchasePrice  ActualPrice Volume  TotalPurchaseQuantity  \
0          26.27        36.99   1750                 145080   
1          23.19        28.99   1750                 164038   
2          18.24        24.99   1750                 187407   
3          16.17        22.99   1750                 201682   
4          21.89        29.99   1750                 138109   

   TotalPurchaseDollars  TotalSalesQuantity  TotalSalesDollars  \
0            3811251.60            142049.0         5101919.51   
1            3804041.22            160247.0         4819073.49   
2            3418303.68            187140.0         4538120.60   
3            3261197.94            200412.0         4475972.88   
4            3023206.01            135838.0         4223107.62   

   TotalSalesPrice  TotalExciseTax  FreightCost  
0        672819.31       260999.20     68601.68  
1        561512.37       294438.66    144929.24  
2        461140.15       343854.07    123780.22  
3        420050.01       368242.80    257032.07  
4        545778.28       249587.83    257032.07  
2025-12-24 00:21:10,134 - INFO - Cleaning Data.....
2025-12-24 00:21:10,134 - INFO - Starting data cleaning
2025-12-24 00:21:10,148 - INFO - Data cleaning completed in 0.00 minutes
2025-12-24 00:21:10,149 - INFO -    VendorNumber                VendorName  Brand              Description  \
0          1128         BROWN-FORMAN CORP   1233  Jack Daniels No 7 Black   
1          4425     MARTIGNETTI COMPANIES   3405    Tito's Handmade Vodka   
2         17035         PERNOD RICARD USA   8068         Absolut 80 Proof   
3          3960  DIAGEO NORTH AMERICA INC   4261   Capt Morgan Spiced Rum   
4          3960  DIAGEO NORTH AMERICA INC   3545          Ketel One Vodka   

   PurchasePrice  ActualPrice  Volume  TotalPurchaseQuantity  \
0          26.27        36.99  1750.0                 145080   
1          23.19        28.99  1750.0                 164038   
2          18.24        24.99  1750.0                 187407   
3          16.17        22.99  1750.0                 201682   
4          21.89        29.99  1750.0                 138109   

   TotalPurchaseDollars  TotalSalesQuantity  TotalSalesDollars  \
0            3811251.60            142049.0         5101919.51   
1            3804041.22            160247.0         4819073.49   
2            3418303.68            187140.0         4538120.60   
3            3261197.94            200412.0         4475972.88   
4            3023206.01            135838.0         4223107.62   

   TotalSalesPrice  TotalExciseTax  FreightCost  
0        672819.31       260999.20     68601.68  
1        561512.37       294438.66    144929.24  
2        461140.15       343854.07    123780.22  
3        420050.01       368242.80    257032.07  
4        545778.28       249587.83    257032.07  
2025-12-24 00:21:10,156 - INFO - Ingesting data....
2025-12-24 00:21:10,247 - INFO - Ingestion completed in 0.00 minutes
2025-12-24 00:21:10,248 - INFO - Pipeline completed in 0.93 minutes
2025-12-24 00:41:44,732 - ERROR - No such comm target registered: jupyter.widget.control
2025-12-24 00:41:44,735 - WARNING - No such comm: ad1f9ce3-63bd-4d12-a6e9-a8259b2df1ed
2025-12-24 00:41:44,735 - DEBUG - Current comms: []
2025-12-24 01:31:25,353 - INFO - Pipeline started
2025-12-24 01:31:25,368 - INFO - Creating Vendor Summary Table.....
2025-12-24 01:31:25,369 - INFO - Starting vendor summary creation
2025-12-24 01:32:40,736 - INFO - Vendor summary creation completed in 1.26 minutes
2025-12-24 01:32:40,738 - INFO -    VendorNumber                   VendorName  Brand              Description  \
0          1128  BROWN-FORMAN CORP             1233  Jack Daniels No 7 Black   
1          4425        MARTIGNETTI COMPANIES   3405    Tito's Handmade Vodka   
2         17035  PERNOD RICARD USA             8068         Absolut 80 Proof   
3          3960  DIAGEO NORTH AMERICA INC      4261   Capt Morgan Spiced Rum   
4          3960  DIAGEO NORTH AMERICA INC      3545          Ketel One Vodka   

   PurchasePrice  ActualPrice Volume  TotalPurchaseQuantity  \
0          26.27        36.99   1750                 145080   
1          23.19        28.99   1750                 164038   
2          18.24        24.99   1750                 187407   
3          16.17        22.99   1750                 201682   
4          21.89        29.99   1750                 138109   

   TotalPurchaseDollars  TotalSalesQuantity  TotalSalesDollars  \
0            3811251.60            142049.0         5101919.51   
1            3804041.22            160247.0         4819073.49   
2            3418303.68            187140.0         4538120.60   
3            3261197.94            200412.0         4475972.88   
4            3023206.01            135838.0         4223107.62   

   TotalSalesPrice  TotalExciseTax  FreightCost  
0        672819.31       260999.20     68601.68  
1        561512.37       294438.66    144929.24  
2        461140.15       343854.07    123780.22  
3        420050.01       368242.80    257032.07  
4        545778.28       249587.83    257032.07  
2025-12-24 01:32:40,750 - INFO - Cleaning Data.....
2025-12-24 01:32:40,750 - INFO - Starting data cleaning
2025-12-24 01:32:40,773 - INFO - Data cleaning completed in 0.00 minutes
2025-12-24 01:32:40,776 - INFO -    VendorNumber                VendorName  Brand              Description  \
0          1128         BROWN-FORMAN CORP   1233  Jack Daniels No 7 Black   
1          4425     MARTIGNETTI COMPANIES   3405    Tito's Handmade Vodka   
2         17035         PERNOD RICARD USA   8068         Absolut 80 Proof   
3          3960  DIAGEO NORTH AMERICA INC   4261   Capt Morgan Spiced Rum   
4          3960  DIAGEO NORTH AMERICA INC   3545          Ketel One Vodka   

   PurchasePrice  ActualPrice  Volume  TotalPurchaseQuantity  \
0          26.27        36.99  1750.0                 145080   
1          23.19        28.99  1750.0                 164038   
2          18.24        24.99  1750.0                 187407   
3          16.17        22.99  1750.0                 201682   
4          21.89        29.99  1750.0                 138109   

   TotalPurchaseDollars  TotalSalesQuantity  TotalSalesDollars  \
0            3811251.60            142049.0         5101919.51   
1            3804041.22            160247.0         4819073.49   
2            3418303.68            187140.0         4538120.60   
3            3261197.94            200412.0         4475972.88   
4            3023206.01            135838.0         4223107.62   

   TotalSalesPrice  TotalExciseTax  FreightCost  
0        672819.31       260999.20     68601.68  
1        561512.37       294438.66    144929.24  
2        461140.15       343854.07    123780.22  
3        420050.01       368242.80    257032.07  
4        545778.28       249587.83    257032.07  
2025-12-24 01:32:40,785 - INFO - Ingesting data....
2025-12-24 01:32:40,897 - INFO - Ingestion completed in 0.00 minutes
2025-12-24 01:32:40,897 - INFO - Pipeline completed in 1.26 minutes
2025-12-24 01:41:24,473 - ERROR - No such comm target registered: jupyter.widget.control
2025-12-24 01:41:24,477 - WARNING - No such comm: b83f5ea4-5135-4919-9887-86d7c079a1a6
2025-12-24 01:41:24,477 - DEBUG - Current comms: []
2025-12-24 01:44:37,023 - INFO - Pipeline started
2025-12-24 01:44:37,025 - INFO - Creating Vendor Summary Table.....
2025-12-24 01:44:37,025 - INFO - Starting vendor summary creation
2025-12-24 01:45:47,726 - INFO - Vendor summary creation completed in 1.18 minutes
2025-12-24 01:45:47,727 - INFO -    VendorNumber                   VendorName  Brand              Description  \
0          1128  BROWN-FORMAN CORP             1233  Jack Daniels No 7 Black   
1          4425        MARTIGNETTI COMPANIES   3405    Tito's Handmade Vodka   
2         17035  PERNOD RICARD USA             8068         Absolut 80 Proof   
3          3960  DIAGEO NORTH AMERICA INC      4261   Capt Morgan Spiced Rum   
4          3960  DIAGEO NORTH AMERICA INC      3545          Ketel One Vodka   

   PurchasePrice  ActualPrice Volume  TotalPurchaseQuantity  \
0          26.27        36.99   1750                 145080   
1          23.19        28.99   1750                 164038   
2          18.24        24.99   1750                 187407   
3          16.17        22.99   1750                 201682   
4          21.89        29.99   1750                 138109   

   TotalPurchaseDollars  TotalSalesQuantity  TotalSalesDollars  \
0            3811251.60            142049.0         5101919.51   
1            3804041.22            160247.0         4819073.49   
2            3418303.68            187140.0         4538120.60   
3            3261197.94            200412.0         4475972.88   
4            3023206.01            135838.0         4223107.62   

   TotalSalesPrice  TotalExciseTax  FreightCost  
0        672819.31       260999.20     68601.68  
1        561512.37       294438.66    144929.24  
2        461140.15       343854.07    123780.22  
3        420050.01       368242.80    257032.07  
4        545778.28       249587.83    257032.07  
2025-12-24 01:45:47,735 - INFO - Cleaning Data.....
2025-12-24 01:45:47,735 - INFO - Starting data cleaning
2025-12-24 01:45:47,750 - INFO - Data cleaning completed in 0.00 minutes
2025-12-24 01:45:47,752 - INFO -    VendorNumber                VendorName  Brand              Description  \
0          1128         BROWN-FORMAN CORP   1233  Jack Daniels No 7 Black   
1          4425     MARTIGNETTI COMPANIES   3405    Tito's Handmade Vodka   
2         17035         PERNOD RICARD USA   8068         Absolut 80 Proof   
3          3960  DIAGEO NORTH AMERICA INC   4261   Capt Morgan Spiced Rum   
4          3960  DIAGEO NORTH AMERICA INC   3545          Ketel One Vodka   

   PurchasePrice  ActualPrice  Volume  TotalPurchaseQuantity  \
0          26.27        36.99  1750.0                 145080   
1          23.19        28.99  1750.0                 164038   
2          18.24        24.99  1750.0                 187407   
3          16.17        22.99  1750.0                 201682   
4          21.89        29.99  1750.0                 138109   

   TotalPurchaseDollars  TotalSalesQuantity  TotalSalesDollars  \
0            3811251.60            142049.0         5101919.51   
1            3804041.22            160247.0         4819073.49   
2            3418303.68            187140.0         4538120.60   
3            3261197.94            200412.0         4475972.88   
4            3023206.01            135838.0         4223107.62   

   TotalSalesPrice  TotalExciseTax  FreightCost  
0        672819.31       260999.20     68601.68  
1        561512.37       294438.66    144929.24  
2        461140.15       343854.07    123780.22  
3        420050.01       368242.80    257032.07  
4        545778.28       249587.83    257032.07  
2025-12-24 01:45:47,761 - INFO - Ingesting data....
2025-12-24 01:45:47,868 - INFO - Ingestion completed in 0.00 minutes
2025-12-24 01:45:47,869 - INFO - Pipeline completed in 1.18 minutes
2025-12-24 02:00:42,084 - INFO - Pipeline started
2025-12-24 02:00:42,084 - INFO - Creating Vendor Summary Table.....
2025-12-24 02:00:42,084 - INFO - Starting vendor summary creation
2025-12-24 02:01:52,241 - INFO - Vendor summary creation completed in 1.17 minutes
2025-12-24 02:01:52,242 - INFO -    VendorNumber                   VendorName  Brand              Description  \
0          1128  BROWN-FORMAN CORP             1233  Jack Daniels No 7 Black   
1          4425        MARTIGNETTI COMPANIES   3405    Tito's Handmade Vodka   
2         17035  PERNOD RICARD USA             8068         Absolut 80 Proof   
3          3960  DIAGEO NORTH AMERICA INC      4261   Capt Morgan Spiced Rum   
4          3960  DIAGEO NORTH AMERICA INC      3545          Ketel One Vodka   

   PurchasePrice  ActualPrice Volume  TotalPurchaseQuantity  \
0          26.27        36.99   1750                 145080   
1          23.19        28.99   1750                 164038   
2          18.24        24.99   1750                 187407   
3          16.17        22.99   1750                 201682   
4          21.89        29.99   1750                 138109   

   TotalPurchaseDollars  TotalSalesQuantity  TotalSalesDollars  \
0            3811251.60            142049.0         5101919.51   
1            3804041.22            160247.0         4819073.49   
2            3418303.68            187140.0         4538120.60   
3            3261197.94            200412.0         4475972.88   
4            3023206.01            135838.0         4223107.62   

   TotalSalesPrice  TotalExciseTax  FreightCost  
0        672819.31       260999.20     68601.68  
1        561512.37       294438.66    144929.24  
2        461140.15       343854.07    123780.22  
3        420050.01       368242.80    257032.07  
4        545778.28       249587.83    257032.07  
2025-12-24 02:01:52,252 - INFO - Cleaning Data.....
2025-12-24 02:01:52,252 - INFO - Starting data cleaning
2025-12-24 02:01:52,270 - INFO - Data cleaning completed in 0.00 minutes
2025-12-24 02:01:52,276 - INFO -    VendorNumber                VendorName  Brand              Description  \
0          1128         BROWN-FORMAN CORP   1233  Jack Daniels No 7 Black   
1          4425     MARTIGNETTI COMPANIES   3405    Tito's Handmade Vodka   
2         17035         PERNOD RICARD USA   8068         Absolut 80 Proof   
3          3960  DIAGEO NORTH AMERICA INC   4261   Capt Morgan Spiced Rum   
4          3960  DIAGEO NORTH AMERICA INC   3545          Ketel One Vodka   

   PurchasePrice  ActualPrice  Volume  TotalPurchaseQuantity  \
0          26.27        36.99  1750.0                 145080   
1          23.19        28.99  1750.0                 164038   
2          18.24        24.99  1750.0                 187407   
3          16.17        22.99  1750.0                 201682   
4          21.89        29.99  1750.0                 138109   

   TotalPurchaseDollars  TotalSalesQuantity  TotalSalesDollars  \
0            3811251.60            142049.0         5101919.51   
1            3804041.22            160247.0         4819073.49   
2            3418303.68            187140.0         4538120.60   
3            3261197.94            200412.0         4475972.88   
4            3023206.01            135838.0         4223107.62   

   TotalSalesPrice  TotalExciseTax  FreightCost  GrossProfit  ProfitMargin  \
0        672819.31       260999.20     68601.68   1290667.91     25.297693   
1        561512.37       294438.66    144929.24   1015032.27     21.062810   
2        461140.15       343854.07    123780.22   1119816.92     24.675786   
3        420050.01       368242.80    257032.07   1214774.94     27.139908   
4        545778.28       249587.83    257032.07   1199901.61     28.412764   

   StockTurnover  SalesToPurchaseRatio  
0       0.979108              1.338647  
1       0.976890              1.266830  
2       0.998575              1.327594  
3       0.993703              1.372493  
4       0.983556              1.396897  
2025-12-24 02:01:52,285 - INFO - Ingesting data....
2025-12-24 02:01:52,420 - INFO - Ingestion completed in 0.00 minutes
2025-12-24 02:01:52,420 - INFO - Pipeline completed in 1.17 minutes
2025-12-24 02:03:27,571 - ERROR - No such comm target registered: jupyter.widget.control
2025-12-24 02:03:27,578 - WARNING - No such comm: 99731a00-f10f-4d71-8856-a6d5d360bb8f
2025-12-24 02:03:27,580 - DEBUG - Current comms: []
2025-12-24 02:05:23,796 - ERROR - No such comm target registered: jupyter.widget.control
2025-12-24 02:05:23,800 - WARNING - No such comm: e0bea5db-9363-4e43-ade0-e1c40e88fe48
2025-12-24 02:05:23,800 - DEBUG - Current comms: []
2025-12-25 01:10:51,828 - ERROR - No such comm target registered: jupyter.widget.control
2025-12-25 01:10:51,831 - WARNING - No such comm: 96876290-b1de-4ebe-8365-7597b09eaec8
2025-12-25 01:10:51,832 - DEBUG - Current comms: []
2025-12-25 01:31:07,761 - ERROR - No such comm target registered: jupyter.widget.control
2025-12-25 01:31:07,764 - WARNING - No such comm: af3ced7a-7d7d-4150-b7cc-251d9520d7a1
2025-12-25 01:31:07,764 - DEBUG - Current comms: []
2025-12-25 01:52:19,902 - ERROR - No such comm target registered: jupyter.widget.control
2025-12-25 01:52:19,905 - WARNING - No such comm: 5eaf0deb-b80c-4d0b-b9ed-5219514f0d0d
2025-12-25 01:52:19,905 - DEBUG - Current comms: []
